2025-01-17 16:10:51,055 [INFO] Activator:176 - 


2025-01-17 16:10:51,057 [INFO] Activator:177 - !SESSION log4j initialized
2025-01-17 16:10:52,934 [INFO] LogOutputStream:77 - [STDOUT_REDIRECT] 
2025-01-17 16:10:59,082 [INFO] ApplicationProperties:184 - Using Application install path: C:\ST\STM32CubeIDE_1.16.1\STM32CubeIDE\plugins\com.st.stm32cube.common.mx_6.12.1.202409122256
2025-01-17 16:10:59,096 [INFO] DbMcusXml:78 - Set database path to: C:\ST\STM32CubeIDE_1.16.1\STM32CubeIDE\plugins\com.st.stm32cube.common.mx_6.12.1.202409122256\\db\/mcu/
2025-01-17 16:10:59,096 [INFO] ApiDb:274 - Set plugin database path to: C:\ST\STM32CubeIDE_1.16.1\STM32CubeIDE\plugins\com.st.stm32cube.common.mx_6.12.1.202409122256\\db\/plugins/boardmanager/
2025-01-17 16:10:59,098 [WARN] ApiDb:259 - Overriding images path with different value:  => C:\ST\STM32CubeIDE_1.16.1\STM32CubeIDE\plugins\com.st.stm32cube.common.mx_6.12.1.202409122256\\db\/plugins/mcufinder/images/
2025-01-17 16:10:59,104 [INFO] ApiDb:250 - Set database path to: C:\Users\Loc\.stmcufinder\plugins\mcufinder//mcu/
2025-01-17 16:10:59,106 [INFO] DbMcusAds:125 - Set database path to: C:\Users\Loc\.stmcufinder\plugins\mcufinder//mcu/
2025-01-17 16:10:59,109 [INFO] CrossReferenceDbSqlite:203 - Set database path to: C:\Users\Loc\.stmcufinder\plugins\mcufinder//mcu/cs/
2025-01-17 16:10:59,199 [INFO] RulesReader:64 - Compatibility file has been processed (297 Rules)
2025-01-17 16:10:59,254 [INFO] DbMcusXml:78 - Set database path to: C:\ST\STM32CubeIDE_1.16.1\STM32CubeIDE\plugins\com.st.stm32cube.common.mx_6.12.1.202409122256\\db\/mcu/
2025-01-17 16:10:59,254 [INFO] ApiDb:274 - Set plugin database path to: C:\ST\STM32CubeIDE_1.16.1\STM32CubeIDE\plugins\com.st.stm32cube.common.mx_6.12.1.202409122256\\db\/plugins/boardmanager/
2025-01-17 16:10:59,255 [INFO] ApiDb:261 - Set plugin images path to: C:\ST\STM32CubeIDE_1.16.1\STM32CubeIDE\plugins\com.st.stm32cube.common.mx_6.12.1.202409122256\\db\/plugins/mcufinder/images/
2025-01-17 16:10:59,255 [WARN] DbFile:41 - Overriding database path with different value: C:\Users\Loc\.stmcufinder\plugins\mcufinder/ => C:\Users\Loc\.stmcufinder\plugins\mcufinder
2025-01-17 16:10:59,255 [INFO] ApiDb:250 - Set database path to: C:\Users\Loc\.stmcufinder\plugins\mcufinder//mcu/
2025-01-17 16:10:59,255 [WARN] DbFile:41 - Overriding database path with different value: C:\Users\Loc\.stmcufinder\plugins\mcufinder/ => C:\Users\Loc\.stmcufinder\plugins\mcufinder
2025-01-17 16:10:59,255 [INFO] DbMcusAds:125 - Set database path to: C:\Users\Loc\.stmcufinder\plugins\mcufinder//mcu/
2025-01-17 16:10:59,255 [WARN] DbFile:41 - Overriding database path with different value: C:\Users\Loc\.stmcufinder\plugins\mcufinder/ => C:\Users\Loc\.stmcufinder\plugins\mcufinder
2025-01-17 16:10:59,255 [WARN] DbFile:41 - Overriding database path with different value: C:\Users\Loc\.stmcufinder\plugins\mcufinder/ => C:\Users\Loc\.stmcufinder\plugins\mcufinder
2025-01-17 16:10:59,256 [INFO] CrossReferenceDbSqlite:203 - Set database path to: C:\Users\Loc\.stmcufinder\plugins\mcufinder//mcu/cs/
2025-01-17 16:10:59,320 [INFO] MainPanel:268 - HeapMemory: 268435456
2025-01-17 16:10:59,382 [INFO] DbMcusXml:78 - Set database path to: C:\ST\STM32CubeIDE_1.16.1\STM32CubeIDE\plugins\com.st.stm32cube.common.mx_6.12.1.202409122256\\db\/mcu/
2025-01-17 16:10:59,382 [INFO] ApiDb:274 - Set plugin database path to: C:\ST\STM32CubeIDE_1.16.1\STM32CubeIDE\plugins\com.st.stm32cube.common.mx_6.12.1.202409122256\\db\/plugins/boardmanager/
2025-01-17 16:10:59,382 [INFO] ApiDb:261 - Set plugin images path to: C:\ST\STM32CubeIDE_1.16.1\STM32CubeIDE\plugins\com.st.stm32cube.common.mx_6.12.1.202409122256\\db\/plugins/mcufinder/images/
2025-01-17 16:10:59,382 [WARN] DbFile:41 - Overriding database path with different value: C:\Users\Loc\.stmcufinder\plugins\mcufinder/ => C:\Users\Loc\.stmcufinder\plugins\mcufinder
2025-01-17 16:10:59,382 [INFO] ApiDb:250 - Set database path to: C:\Users\Loc\.stmcufinder\plugins\mcufinder//mcu/
2025-01-17 16:10:59,382 [WARN] DbFile:41 - Overriding database path with different value: C:\Users\Loc\.stmcufinder\plugins\mcufinder/ => C:\Users\Loc\.stmcufinder\plugins\mcufinder
2025-01-17 16:10:59,383 [INFO] DbMcusAds:125 - Set database path to: C:\Users\Loc\.stmcufinder\plugins\mcufinder//mcu/
2025-01-17 16:10:59,383 [WARN] DbFile:41 - Overriding database path with different value: C:\Users\Loc\.stmcufinder\plugins\mcufinder/ => C:\Users\Loc\.stmcufinder\plugins\mcufinder
2025-01-17 16:10:59,383 [WARN] DbFile:41 - Overriding database path with different value: C:\Users\Loc\.stmcufinder\plugins\mcufinder/ => C:\Users\Loc\.stmcufinder\plugins\mcufinder
2025-01-17 16:10:59,383 [INFO] CrossReferenceDbSqlite:203 - Set database path to: C:\Users\Loc\.stmcufinder\plugins\mcufinder//mcu/cs/
2025-01-17 16:10:59,396 [INFO] ApplicationProperties:184 - Using Application install path: C:\ST\STM32CubeIDE_1.16.1\STM32CubeIDE\plugins\com.st.stm32cube.common.mx_6.12.1.202409122256
2025-01-17 16:10:59,397 [INFO] PluginManage:196 - Search for loadable plugins [exclusion list=, ]
2025-01-17 16:10:59,399 [INFO] PluginManage:310 - Check plugin analytics
2025-01-17 16:11:04,096 [INFO] AnalyticsPlugin:253 - Accepted Software Licenses: STM32CubeMX.6.7.0
2025-01-17 16:11:04,097 [INFO] AnalyticsPlugin:255 - Accepted CMSIS Pack Licenses: 
2025-01-17 16:11:04,097 [INFO] AnalyticsPlugin:257 - Accepted Firmware Licenses: FW.F4.1.27.0,FW.F4.1.28.0
2025-01-17 16:11:04,099 [INFO] PluginManage:359 - Loaded plugin analytics (category:tool,tabindex:-1)
2025-01-17 16:11:04,099 [INFO] PluginManage:310 - Check plugin cadmodel
2025-01-17 16:11:04,102 [INFO] CADModel:105 - Init CAD model plugin
2025-01-17 16:11:04,103 [INFO] PluginManage:359 - Loaded plugin cadmodel (category:power,tabindex:5)
2025-01-17 16:11:04,103 [INFO] PluginManage:310 - Check plugin clock
2025-01-17 16:11:04,113 [INFO] PluginManage:359 - Loaded plugin clock (category:base,tabindex:2)
2025-01-17 16:11:04,113 [INFO] PluginManage:310 - Check plugin ddr
2025-01-17 16:11:04,116 [INFO] PluginManage:359 - Loaded plugin ddr (category:tool,tabindex:6)
2025-01-17 16:11:04,116 [INFO] PluginManage:310 - Check plugin filemanager
2025-01-17 16:11:04,245 [INFO] PluginManage:359 - Loaded plugin filemanager (category:base,tabindex:10)
2025-01-17 16:11:04,246 [INFO] PluginManage:310 - Check plugin ipmanager
2025-01-17 16:11:04,251 [INFO] PluginManage:359 - Loaded plugin ipmanager (category:base,tabindex:5)
2025-01-17 16:11:04,252 [INFO] PluginManage:310 - Check plugin lpbam
2025-01-17 16:11:04,259 [INFO] PluginManage:359 - Loaded plugin lpbam (category:base,tabindex:0)
2025-01-17 16:11:04,259 [INFO] PluginManage:310 - Check plugin memorymap
2025-01-17 16:11:04,272 [INFO] PluginManage:359 - Loaded plugin memorymap (category:base,tabindex:4)
2025-01-17 16:11:04,272 [INFO] PluginManage:310 - Check plugin pinoutandconfiguration
2025-01-17 16:11:04,279 [INFO] PluginManage:359 - Loaded plugin pinoutandconfiguration (category:base,tabindex:1)
2025-01-17 16:11:04,279 [INFO] PluginManage:310 - Check plugin pinoutconfig
2025-01-17 16:11:04,422 [WARN] SupportedApi:132 - Cannot load RTOS API schema: s4s-elt-must-match.1: The content of 'definitions' must match (annotation?, (simpleType | complexType)?, (unique | key | keyref)*)). A problem was found starting at: attribute.
2025-01-17 16:11:04,589 [INFO] PluginManage:359 - Loaded plugin pinoutconfig (category:base,tabindex:0)
2025-01-17 16:11:04,590 [INFO] PluginManage:310 - Check plugin power
2025-01-17 16:11:04,598 [INFO] PluginManage:359 - Loaded plugin power (category:power,tabindex:4)
2025-01-17 16:11:04,598 [INFO] PluginManage:310 - Check plugin projectmanager
2025-01-17 16:11:04,614 [INFO] PluginManage:359 - Loaded plugin projectmanager (category:projectmanager,tabindex:4)
2025-01-17 16:11:04,614 [INFO] PluginManage:310 - Check plugin rif
2025-01-17 16:11:04,618 [INFO] PluginManage:359 - Loaded plugin rif (category:base,tabindex:3)
2025-01-17 16:11:04,618 [INFO] PluginManage:310 - Check plugin thirdparty
2025-01-17 16:11:04,716 [INFO] PluginManage:359 - Loaded plugin thirdparty (category:base,tabindex:-1)
2025-01-17 16:11:04,716 [WARN] IntegrityCheckThread:84 - waiting for thirdparty lock release [integrity check]
2025-01-17 16:11:04,717 [INFO] PluginManage:310 - Check plugin tools
2025-01-17 16:11:04,717 [INFO] IntegrityCheckThread:86 - entering critical section [integrity check]
2025-01-17 16:11:04,717 [INFO] ThirdPartyUpdaterWithRetryManager:70 - Updater plugin not ready yet. [1/15]
2025-01-17 16:11:04,719 [INFO] PluginManage:359 - Loaded plugin tools (category:base,tabindex:7)
2025-01-17 16:11:04,719 [INFO] PluginManage:310 - Check plugin tutovideos
2025-01-17 16:11:04,875 [INFO] PluginManage:359 - Loaded plugin tutovideos (category:base,tabindex:-1)
2025-01-17 16:11:04,875 [INFO] PluginManage:310 - Check plugin updater
2025-01-17 16:11:04,893 [INFO] PluginManage:359 - Loaded plugin updater (category:base,tabindex:12)
2025-01-17 16:11:04,893 [INFO] PluginManage:310 - Check plugin userauth
2025-01-17 16:11:04,899 [INFO] UserAuth:113 - Init User Auth plugin
2025-01-17 16:11:04,899 [INFO] PluginManage:359 - Loaded plugin userauth (category:base,tabindex:14)
2025-01-17 16:11:04,900 [INFO] PluginManage:283 - PluginManage : Loaded plugins [18]
2025-01-17 16:11:05,099 [INFO] PinOutPanel:1561 - setPackage(No Configuration,No Configuration)
2025-01-17 16:11:05,189 [INFO] CADModel:165 - CPN selected for project level
2025-01-17 16:11:05,189 [INFO] CADModel:114 - Register for checkConnection events
2025-01-17 16:11:05,205 [INFO] IPUIPlugin:80 - create IPUIPlugin
2025-01-17 16:11:05,205 [INFO] PluginManager:220 - loadIPPluginJar : add adc
2025-01-17 16:11:05,207 [INFO] IPUIPlugin:80 - create IPUIPlugin
2025-01-17 16:11:05,207 [INFO] PluginManager:220 - loadIPPluginJar : add aes
2025-01-17 16:11:05,209 [INFO] IPUIPlugin:80 - create IPUIPlugin
2025-01-17 16:11:05,209 [INFO] PluginManager:220 - loadIPPluginJar : add can
2025-01-17 16:11:05,211 [INFO] IPUIPlugin:80 - create IPUIPlugin
2025-01-17 16:11:05,211 [INFO] PluginManager:220 - loadIPPluginJar : add comp
2025-01-17 16:11:05,213 [INFO] IPUIPlugin:80 - create IPUIPlugin
2025-01-17 16:11:05,213 [INFO] PluginManager:220 - loadIPPluginJar : add cryp
2025-01-17 16:11:05,216 [INFO] IPUIPlugin:80 - create IPUIPlugin
2025-01-17 16:11:05,216 [INFO] PluginManager:220 - loadIPPluginJar : add ddr_ctrl_phy
2025-01-17 16:11:05,219 [INFO] IPUIPlugin:80 - create IPUIPlugin
2025-01-17 16:11:05,219 [INFO] PluginManager:220 - loadIPPluginJar : add dfsdm
2025-01-17 16:11:05,225 [INFO] IPUIPlugin:80 - create IPUIPlugin
2025-01-17 16:11:05,225 [INFO] PluginManager:220 - loadIPPluginJar : add dma
2025-01-17 16:11:05,230 [INFO] IPUIPlugin:80 - create IPUIPlugin
2025-01-17 16:11:05,230 [INFO] PluginManager:220 - loadIPPluginJar : add dma3
2025-01-17 16:11:05,233 [INFO] IPUIPlugin:80 - create IPUIPlugin
2025-01-17 16:11:05,233 [INFO] PluginManager:220 - loadIPPluginJar : add extmemmanager
2025-01-17 16:11:05,235 [INFO] IPUIPlugin:80 - create IPUIPlugin
2025-01-17 16:11:05,235 [INFO] PluginManager:220 - loadIPPluginJar : add fatfs
2025-01-17 16:11:05,239 [INFO] IPUIPlugin:80 - create IPUIPlugin
2025-01-17 16:11:05,239 [INFO] PluginManager:220 - loadIPPluginJar : add fmc
2025-01-17 16:11:05,244 [INFO] IPUIPlugin:80 - create IPUIPlugin
2025-01-17 16:11:05,244 [INFO] PluginManager:220 - loadIPPluginJar : add freertos
2025-01-17 16:11:05,246 [INFO] IPUIPlugin:80 - create IPUIPlugin
2025-01-17 16:11:05,246 [INFO] PluginManager:220 - loadIPPluginJar : add genericplugin
2025-01-17 16:11:05,248 [INFO] IPUIPlugin:80 - create IPUIPlugin
2025-01-17 16:11:05,248 [INFO] PluginManager:220 - loadIPPluginJar : add gfxmmu
2025-01-17 16:11:05,252 [INFO] IPUIPlugin:80 - create IPUIPlugin
2025-01-17 16:11:05,252 [INFO] PluginManager:220 - loadIPPluginJar : add gic
2025-01-17 16:11:05,257 [INFO] IPUIPlugin:80 - create IPUIPlugin
2025-01-17 16:11:05,257 [INFO] PluginManager:220 - loadIPPluginJar : add gpio
2025-01-17 16:11:05,260 [INFO] IPUIPlugin:80 - create IPUIPlugin
2025-01-17 16:11:05,260 [INFO] PluginManager:220 - loadIPPluginJar : add gtzc
2025-01-17 16:11:05,262 [INFO] IPUIPlugin:80 - create IPUIPlugin
2025-01-17 16:11:05,262 [INFO] PluginManager:220 - loadIPPluginJar : add hash
2025-01-17 16:11:05,264 [INFO] IPUIPlugin:80 - create IPUIPlugin
2025-01-17 16:11:05,265 [INFO] PluginManager:220 - loadIPPluginJar : add i2c
2025-01-17 16:11:05,268 [INFO] IPUIPlugin:80 - create IPUIPlugin
2025-01-17 16:11:05,268 [INFO] PluginManager:220 - loadIPPluginJar : add i2s
2025-01-17 16:11:05,271 [INFO] IPUIPlugin:80 - create IPUIPlugin
2025-01-17 16:11:05,271 [INFO] PluginManager:220 - loadIPPluginJar : add i3c
2025-01-17 16:11:05,273 [INFO] IPUIPlugin:80 - create IPUIPlugin
2025-01-17 16:11:05,273 [INFO] PluginManager:220 - loadIPPluginJar : add ipddr
2025-01-17 16:11:05,279 [INFO] IPUIPlugin:80 - create IPUIPlugin
2025-01-17 16:11:05,279 [INFO] PluginManager:220 - loadIPPluginJar : add linkedlist
2025-01-17 16:11:05,283 [INFO] IPUIPlugin:80 - create IPUIPlugin
2025-01-17 16:11:05,283 [INFO] PluginManager:220 - loadIPPluginJar : add lorawan
2025-01-17 16:11:05,284 [INFO] IPUIPlugin:80 - create IPUIPlugin
2025-01-17 16:11:05,284 [INFO] PluginManager:220 - loadIPPluginJar : add ltdc
2025-01-17 16:11:05,289 [INFO] IPUIPlugin:80 - create IPUIPlugin
2025-01-17 16:11:05,289 [INFO] PluginManager:220 - loadIPPluginJar : add mdma
2025-01-17 16:11:05,293 [INFO] IPUIPlugin:80 - create IPUIPlugin
2025-01-17 16:11:05,293 [INFO] PluginManager:220 - loadIPPluginJar : add nvic
2025-01-17 16:11:05,297 [INFO] IPUIPlugin:80 - create IPUIPlugin
2025-01-17 16:11:05,298 [INFO] PluginManager:220 - loadIPPluginJar : add opamp
2025-01-17 16:11:05,300 [INFO] IPUIPlugin:80 - create IPUIPlugin
2025-01-17 16:11:05,301 [INFO] PluginManager:220 - loadIPPluginJar : add openamp
2025-01-17 16:11:05,303 [INFO] IPUIPlugin:80 - create IPUIPlugin
2025-01-17 16:11:05,303 [INFO] PluginManager:220 - loadIPPluginJar : add pdm2pcm
2025-01-17 16:11:05,310 [INFO] IPUIPlugin:80 - create IPUIPlugin
2025-01-17 16:11:05,313 [INFO] PluginManager:220 - loadIPPluginJar : add plateformsettings
2025-01-17 16:11:05,314 [INFO] IPUIPlugin:80 - create IPUIPlugin
2025-01-17 16:11:05,315 [INFO] PluginManager:220 - loadIPPluginJar : add quadspi
2025-01-17 16:11:05,316 [INFO] IPUIPlugin:80 - create IPUIPlugin
2025-01-17 16:11:05,317 [INFO] PluginManager:220 - loadIPPluginJar : add radio
2025-01-17 16:11:05,320 [INFO] IPUIPlugin:80 - create IPUIPlugin
2025-01-17 16:11:05,320 [INFO] PluginManager:220 - loadIPPluginJar : add resmgrutility
2025-01-17 16:11:05,324 [INFO] IPUIPlugin:80 - create IPUIPlugin
2025-01-17 16:11:05,324 [INFO] PluginManager:220 - loadIPPluginJar : add sai
2025-01-17 16:11:05,326 [INFO] IPUIPlugin:80 - create IPUIPlugin
2025-01-17 16:11:05,326 [INFO] PluginManager:220 - loadIPPluginJar : add spi
2025-01-17 16:11:05,330 [INFO] IPUIPlugin:80 - create IPUIPlugin
2025-01-17 16:11:05,330 [INFO] PluginManager:220 - loadIPPluginJar : add stm32_wpan
2025-01-17 16:11:05,331 [INFO] IPUIPlugin:80 - create IPUIPlugin
2025-01-17 16:11:05,331 [INFO] PluginManager:220 - loadIPPluginJar : add tim
2025-01-17 16:11:05,334 [INFO] IPUIPlugin:80 - create IPUIPlugin
2025-01-17 16:11:05,334 [INFO] PluginManager:220 - loadIPPluginJar : add touchsensing
2025-01-17 16:11:05,335 [INFO] IPUIPlugin:80 - create IPUIPlugin
2025-01-17 16:11:05,336 [INFO] PluginManager:220 - loadIPPluginJar : add tracer_emb
2025-01-17 16:11:05,337 [INFO] IPUIPlugin:80 - create IPUIPlugin
2025-01-17 16:11:05,337 [INFO] PluginManager:220 - loadIPPluginJar : add ts
2025-01-17 16:11:05,339 [INFO] IPUIPlugin:80 - create IPUIPlugin
2025-01-17 16:11:05,339 [INFO] PluginManager:220 - loadIPPluginJar : add tsc
2025-01-17 16:11:05,341 [INFO] IPUIPlugin:80 - create IPUIPlugin
2025-01-17 16:11:05,342 [INFO] PluginManager:220 - loadIPPluginJar : add ucpd
2025-01-17 16:11:05,344 [INFO] IPUIPlugin:80 - create IPUIPlugin
2025-01-17 16:11:05,345 [INFO] PluginManager:220 - loadIPPluginJar : add usart
2025-01-17 16:11:05,348 [INFO] IPUIPlugin:80 - create IPUIPlugin
2025-01-17 16:11:05,348 [INFO] PluginManager:220 - loadIPPluginJar : add usbx
2025-01-17 16:11:05,480 [INFO] CADModel:165 - CPN selected for project level
2025-01-17 16:11:05,480 [INFO] CADModel:114 - Register for checkConnection events
2025-01-17 16:11:05,481 [FATAL] Updater:334 - Updater called before beeing initialized
2025-01-17 16:11:05,481 [ERROR] CADModel:125 - Updater not yet initialized, retry later 
2025-01-17 16:11:05,594 [INFO] CADModel:165 - CPN selected for project level
2025-01-17 16:11:05,594 [INFO] CADModel:114 - Register for checkConnection events
2025-01-17 16:11:05,594 [FATAL] Updater:334 - Updater called before beeing initialized
2025-01-17 16:11:05,594 [ERROR] CADModel:125 - Updater not yet initialized, retry later 
2025-01-17 16:11:05,597 [FATAL] Updater:334 - Updater called before beeing initialized
2025-01-17 16:11:05,687 [FATAL] Updater:334 - Updater called before beeing initialized
2025-01-17 16:11:05,690 [INFO] DbMcusAds:53 - JSON generation date=Tue Dec 17 23:01:15 ICT 2024 (1734451275143)
2025-01-17 16:11:05,690 [FATAL] Updater:334 - Updater called before beeing initialized
2025-01-17 16:11:05,720 [WARN] DetailPanel:346 - Failed to get advertising image, set to default
2025-01-17 16:11:05,800 [FATAL] Updater:334 - Updater called before beeing initialized
2025-01-17 16:11:05,802 [FATAL] Updater:334 - Updater called before beeing initialized
2025-01-17 16:11:05,802 [FATAL] Updater:334 - Updater called before beeing initialized
2025-01-17 16:11:05,803 [WARN] DetailPanel:346 - Failed to get advertising image, set to default
2025-01-17 16:11:05,804 [FATAL] Updater:334 - Updater called before beeing initialized
2025-01-17 16:11:05,852 [ERROR] Updater:1164 - MainUpdater not yet initialized. External WinMGr cannot be set.
2025-01-17 16:11:05,854 [INFO] Updater:1100 - Updater Version found : 6.12.1
2025-01-17 16:11:05,872 [INFO] ApplicationProperties:184 - Using Application install path: C:\ST\STM32CubeIDE_1.16.1\STM32CubeIDE\plugins\com.st.stm32cube.common.mx_6.12.1.202409122256
2025-01-17 16:11:06,208 [INFO] MainUpdater:2873 - connection check result : 10
2025-01-17 16:11:06,208 [INFO] MainUpdater:290 - Updater Check For Update Now.
2025-01-17 16:11:06,208 [INFO] MicroXplorer:498 - Change Database Version : DB.6.0.121
2025-01-17 16:11:06,213 [INFO] McuFinderGlobals:63 - Set McuFinder mode to 2 (CubeIDE integrated)
2025-01-17 16:11:06,213 [INFO] UserAuth:179 - activating auth plugin
2025-01-17 16:11:06,216 [INFO] UserAuth:417 - Internet connection configuration mode: 1
2025-01-17 16:11:06,226 [INFO] JxBrowserEngine:152 - Initiate JxBrowser Engine with user profile folder
2025-01-17 16:11:06,386 [INFO] CheckServerUpdateThread:120 - End of CheckServer Thread
2025-01-17 16:11:06,710 [INFO] WebApp:167 - Instantiating new browser for Auth
2025-01-17 16:11:07,252 [INFO] WebApp:448 - Apply proxy settings
2025-01-17 16:11:07,252 [INFO] WebApp:533 - Chromium requires no authentication
2025-01-17 16:11:07,258 [INFO] WebApp:476 - Direct internet connection detected
2025-01-17 16:11:07,274 [INFO] WebApp:869 - Register for checkConnection events
2025-01-17 16:11:07,274 [INFO] WebApp:448 - Apply proxy settings
2025-01-17 16:11:07,274 [INFO] WebApp:533 - Chromium requires no authentication
2025-01-17 16:11:07,274 [INFO] WebApp:476 - Direct internet connection detected
2025-01-17 16:11:07,392 [INFO] WebApp:220 - Starting web application
2025-01-17 16:11:07,392 [INFO] WebApp:578 - Web application path used C:\ST\STM32CubeIDE_1.16.1\STM32CubeIDE\plugins\com.st.stm32cube.common.mx_6.12.1.202409122256\db\plugins\mcufinder\reactClient1\index.html
2025-01-17 16:11:07,764 [INFO] WebApp:186 - Connection restablished
2025-01-17 16:11:07,943 [WARN] PackLoader:240 - Cannot read IP mode file for STMicroelectronics.FP-SNS-MOTENVWB1.1.4.0
2025-01-17 16:11:07,955 [WARN] PackLoader:240 - Cannot read IP mode file for STMicroelectronics.FP-ATR-ASTRA1.2.0.1
2025-01-17 16:11:07,963 [WARN] PackLoader:240 - Cannot read IP mode file for STMicroelectronics.X-CUBE-SMBUS.2.1.0
2025-01-17 16:11:07,971 [WARN] PackLoader:240 - Cannot read IP mode file for STMicroelectronics.X-CUBE-WB05N.1.1.0
2025-01-17 16:11:07,976 [WARN] PackLoader:240 - Cannot read IP mode file for STMicroelectronics.X-CUBE-TOUCHGFX.4.23.0
2025-01-17 16:11:07,979 [WARN] PackLoader:240 - Cannot read IP mode file for STMicroelectronics.X-CUBE-TOUCHGFX.4.23.2
2025-01-17 16:11:08,004 [WARN] PackLoader:240 - Cannot read IP mode file for STMicroelectronics.X-CUBE-AZRTOS-F7.1.1.0
2025-01-17 16:11:08,013 [ERROR] RealEvaluatedCondition:428 - Found unsupported composite condition: CLASS='Data Exchange' GROUP='STM32_MetaDataManager'
2025-01-17 16:11:08,013 [ERROR] RealEvaluatedCondition:428 - Found unsupported composite condition: GROUP='STM32_MetaDataManager' CLASS='Data Exchange'
2025-01-17 16:11:08,016 [WARN] PackLoader:240 - Cannot read IP mode file for STMicroelectronics.FP-SNS-MOTENV1.4.3.0
2025-01-17 16:11:08,023 [WARN] PackLoader:240 - Cannot read IP mode file for STMicroelectronics.FP-SNS-MOTENV1.4.3.2
2025-01-17 16:11:08,029 [WARN] PackLoader:240 - Cannot read IP mode file for STMicroelectronics.FP-SNS-FLIGHT1.5.0.0
2025-01-17 16:11:08,034 [WARN] PackLoader:240 - Cannot read IP mode file for STMicroelectronics.FP-SNS-FLIGHT1.5.0.1
2025-01-17 16:11:08,100 [WARN] PackLoader:240 - Cannot read IP mode file for STMicroelectronics.X-CUBE-MEMS1.11.0.0
2025-01-17 16:11:08,260 [WARN] PackLoader:240 - Cannot read IP mode file for STMicroelectronics.X-CUBE-BLE1.6.2.4
2025-01-17 16:11:08,263 [WARN] PackLoader:240 - Cannot read IP mode file for STMicroelectronics.FP-SNS-FLIGHT1.5.0.2
2025-01-17 16:11:08,270 [WARN] PackLoader:240 - Cannot read IP mode file for STMicroelectronics.X-CUBE-DISPLAY.3.0.0
2025-01-17 16:11:08,278 [WARN] PackLoader:240 - Cannot read IP mode file for STMicroelectronics.X-CUBE-BLE1.7.0.0
2025-01-17 16:11:08,284 [WARN] PackLoader:240 - Cannot read IP mode file for STMicroelectronics.X-CUBE-NFC10.1.0.0
2025-01-17 16:11:08,292 [WARN] PackLoader:240 - Cannot read IP mode file for STMicroelectronics.X-CUBE-BLEMGR.4.0.0
2025-01-17 16:11:08,298 [WARN] PackLoader:240 - Cannot read IP mode file for STMicroelectronics.X-CUBE-TOUCHGFX.4.22.0
2025-01-17 16:11:08,301 [WARN] PackLoader:240 - Cannot read IP mode file for STMicroelectronics.X-CUBE-TOUCHGFX.4.22.1
2025-01-17 16:11:08,308 [WARN] PackLoader:240 - Cannot read IP mode file for STMicroelectronics.X-CUBE-BLEMGR.3.1.0
2025-01-17 16:11:08,312 [WARN] PackLoader:240 - Cannot read IP mode file for STMicroelectronics.FP-SNS-SMARTAG2.1.2.0
2025-01-17 16:11:08,349 [WARN] PackLoader:240 - Cannot read IP mode file for STMicroelectronics.X-CUBE-MEMS1.11.1.0
2025-01-17 16:11:08,451 [INFO] LogOutputStream:77 - [STDOUT_REDIRECT] 1 : Invalid condition id : UX_CORESTACK_Condition cause : null
2025-01-17 16:11:08,451 [INFO] LogOutputStream:77 - [STDOUT_REDIRECT] 1 : Invalid condition id : UX_CORESTACK_Condition cause : null
2025-01-17 16:11:08,452 [INFO] LogOutputStream:77 - [STDOUT_REDIRECT] 1 : Invalid condition id : UX_CORESTACK_Condition cause : null
2025-01-17 16:11:08,453 [INFO] LogOutputStream:77 - [STDOUT_REDIRECT] 1 : Invalid condition id : UX_CORESTACK_Condition cause : null
2025-01-17 16:11:08,453 [INFO] LogOutputStream:77 - [STDOUT_REDIRECT] 1 : Invalid condition id : UX_CORESTACK_Condition cause : null
2025-01-17 16:11:08,456 [WARN] PackLoader:240 - Cannot read IP mode file for STMicroelectronics.X-CUBE-AZRTOS-WL.2.0.0
2025-01-17 16:11:08,459 [WARN] PackLoader:240 - Cannot read IP mode file for STMicroelectronics.FP-SNS-MOTENV1.5.0.0
2025-01-17 16:11:08,464 [WARN] PackLoader:240 - Cannot read IP mode file for wolfSSL.I-CUBE-wolfMQTT.1.19.0
2025-01-17 16:11:08,470 [WARN] PackLoader:240 - Cannot read IP mode file for WES.I-CUBE-Cesium.1.3.0
2025-01-17 16:11:08,473 [WARN] PackLoader:240 - Cannot read IP mode file for STMicroelectronics.X-CUBE-BLE2.3.3.0
2025-01-17 16:11:08,482 [WARN] PackLoader:240 - Cannot read IP mode file for STMicroelectronics.X-CUBE-TOF1.3.2.0
2025-01-17 16:11:08,494 [WARN] PackLoader:240 - Cannot read IP mode file for STMicroelectronics.X-CUBE-NFC9.1.0.0
2025-01-17 16:11:08,499 [WARN] PackLoader:240 - Cannot read IP mode file for STMicroelectronics.X-CUBE-TCPP.4.1.0
2025-01-17 16:11:08,502 [WARN] PackLoader:240 - Cannot read IP mode file for STMicroelectronics.X-CUBE-TOUCHGFX.4.21.1
2025-01-17 16:11:08,504 [WARN] PackLoader:240 - Cannot read IP mode file for STMicroelectronics.X-CUBE-TOUCHGFX.4.21.3
2025-01-17 16:11:08,505 [WARN] PackLoader:240 - Cannot read IP mode file for STMicroelectronics.X-CUBE-TOUCHGFX.4.21.4
2025-01-17 16:11:08,511 [WARN] PackLoader:240 - Cannot read IP mode file for STMicroelectronics.X-CUBE-ALGOBUILD.1.3.0
2025-01-17 16:11:08,522 [WARN] PackLoader:240 - Cannot read IP mode file for STMicroelectronics.X-CUBE-AZRTOS-G0.1.1.0
2025-01-17 16:11:08,529 [WARN] PackLoader:240 - Cannot read IP mode file for STMicroelectronics.X-CUBE-SAFEA1.1.2.2
2025-01-17 16:11:08,534 [WARN] PackLoader:240 - Cannot read IP mode file for STMicroelectronics.X-CUBE-NFC4.3.0.0
2025-01-17 16:11:08,543 [WARN] PackLoader:240 - Cannot read IP mode file for EmbeddedOffice.I-CUBE-FS-RTOS.1.0.1
2025-01-17 16:11:08,543 [ERROR] ConditionMgr:805 - Attr not supported : Dmpu
2025-01-17 16:11:08,543 [ERROR] ConditionMgr:805 - Attr not supported : Dmpu
2025-01-17 16:11:08,543 [ERROR] ConditionMgr:805 - Attr not supported : Dmpu
2025-01-17 16:11:08,543 [ERROR] ConditionMgr:805 - Attr not supported : Dmpu
2025-01-17 16:11:08,543 [ERROR] ConditionMgr:805 - Attr not supported : Dmpu
2025-01-17 16:11:08,543 [ERROR] ConditionMgr:805 - Attr not supported : Dmpu
2025-01-17 16:11:08,543 [ERROR] ConditionMgr:805 - Attr not supported : Dmpu
2025-01-17 16:11:08,543 [ERROR] ConditionMgr:805 - Attr not supported : Dmpu
2025-01-17 16:11:08,543 [ERROR] ConditionMgr:805 - Attr not supported : Dmpu
2025-01-17 16:11:08,544 [ERROR] ConditionMgr:805 - Attr not supported : Dmpu
2025-01-17 16:11:08,544 [ERROR] ConditionMgr:805 - Attr not supported : Dmpu
2025-01-17 16:11:08,544 [ERROR] ConditionMgr:805 - Attr not supported : Dmpu
2025-01-17 16:11:08,544 [ERROR] ConditionMgr:805 - Attr not supported : Dmpu
2025-01-17 16:11:08,544 [ERROR] ConditionMgr:805 - Attr not supported : Dmpu
2025-01-17 16:11:08,544 [ERROR] ConditionMgr:805 - Attr not supported : Dmpu
2025-01-17 16:11:08,544 [ERROR] ConditionMgr:805 - Attr not supported : Dmpu
2025-01-17 16:11:08,544 [ERROR] ConditionMgr:805 - Attr not supported : Dmpu
2025-01-17 16:11:08,544 [ERROR] ConditionMgr:805 - Attr not supported : Dmpu
2025-01-17 16:11:08,544 [ERROR] ConditionMgr:805 - Attr not supported : Dmpu
2025-01-17 16:11:08,544 [ERROR] ConditionMgr:805 - Attr not supported : Dmpu
2025-01-17 16:11:08,544 [ERROR] ConditionMgr:805 - Attr not supported : Dmpu
2025-01-17 16:11:08,544 [ERROR] ConditionMgr:805 - Attr not supported : Dmpu
2025-01-17 16:11:08,544 [ERROR] ConditionMgr:805 - Attr not supported : Dmpu
2025-01-17 16:11:08,544 [ERROR] ConditionMgr:805 - Attr not supported : Dmpu
2025-01-17 16:11:08,544 [ERROR] ConditionMgr:805 - Attr not supported : Dmpu
2025-01-17 16:11:08,544 [ERROR] ConditionMgr:805 - Attr not supported : Dmpu
2025-01-17 16:11:08,544 [ERROR] ConditionMgr:805 - Attr not supported : Dmpu
2025-01-17 16:11:08,545 [ERROR] ConditionMgr:805 - Attr not supported : Dmpu
2025-01-17 16:11:08,545 [ERROR] ConditionMgr:805 - Attr not supported : Dmpu
2025-01-17 16:11:08,545 [ERROR] ConditionMgr:805 - Attr not supported : Dmpu
2025-01-17 16:11:08,545 [ERROR] ConditionMgr:805 - Attr not supported : Dmpu
2025-01-17 16:11:08,545 [ERROR] ConditionMgr:805 - Attr not supported : Dmpu
2025-01-17 16:11:08,545 [ERROR] ConditionMgr:805 - Attr not supported : Dmpu
2025-01-17 16:11:08,545 [ERROR] ConditionMgr:805 - Attr not supported : Dmpu
2025-01-17 16:11:08,545 [ERROR] ConditionMgr:805 - Attr not supported : Dmpu
2025-01-17 16:11:08,545 [ERROR] ConditionMgr:805 - Attr not supported : Dmpu
2025-01-17 16:11:08,545 [ERROR] ConditionMgr:805 - Attr not supported : Dmpu
2025-01-17 16:11:08,545 [ERROR] ConditionMgr:805 - Attr not supported : Dmpu
2025-01-17 16:11:08,545 [ERROR] ConditionMgr:805 - Attr not supported : Dmpu
2025-01-17 16:11:08,545 [ERROR] ConditionMgr:805 - Attr not supported : Dmpu
2025-01-17 16:11:08,545 [ERROR] ConditionMgr:805 - Attr not supported : Dmpu
2025-01-17 16:11:08,545 [ERROR] ConditionMgr:805 - Attr not supported : Dmpu
2025-01-17 16:11:08,545 [ERROR] ConditionMgr:805 - Attr not supported : Dmpu
2025-01-17 16:11:08,546 [ERROR] ConditionMgr:805 - Attr not supported : Dmpu
2025-01-17 16:11:08,546 [ERROR] ConditionMgr:805 - Attr not supported : Dmpu
2025-01-17 16:11:08,546 [ERROR] ConditionMgr:805 - Attr not supported : Dmpu
2025-01-17 16:11:08,546 [ERROR] ConditionMgr:805 - Attr not supported : Dmpu
2025-01-17 16:11:08,546 [ERROR] ConditionMgr:805 - Attr not supported : Dmpu
2025-01-17 16:11:08,546 [ERROR] ConditionMgr:805 - Attr not supported : Dmpu
2025-01-17 16:11:08,546 [ERROR] ConditionMgr:805 - Attr not supported : Dmpu
2025-01-17 16:11:08,546 [ERROR] ConditionMgr:805 - Attr not supported : Dmpu
2025-01-17 16:11:08,546 [ERROR] ConditionMgr:805 - Attr not supported : Dmpu
2025-01-17 16:11:08,546 [ERROR] ConditionMgr:805 - Attr not supported : Dmpu
2025-01-17 16:11:08,546 [ERROR] ConditionMgr:805 - Attr not supported : Dmpu
2025-01-17 16:11:08,546 [ERROR] ConditionMgr:805 - Attr not supported : Dmpu
2025-01-17 16:11:08,546 [ERROR] ConditionMgr:805 - Attr not supported : Dmpu
2025-01-17 16:11:08,546 [ERROR] ConditionMgr:805 - Attr not supported : Dmpu
2025-01-17 16:11:08,546 [ERROR] ConditionMgr:805 - Attr not supported : Dmpu
2025-01-17 16:11:08,547 [ERROR] ConditionMgr:805 - Attr not supported : Dmpu
2025-01-17 16:11:08,547 [ERROR] ConditionMgr:805 - Attr not supported : Dmpu
2025-01-17 16:11:08,547 [ERROR] ConditionMgr:805 - Attr not supported : Dmpu
2025-01-17 16:11:08,547 [ERROR] ConditionMgr:805 - Attr not supported : Dmpu
2025-01-17 16:11:08,547 [ERROR] ConditionMgr:805 - Attr not supported : Dmpu
2025-01-17 16:11:08,547 [ERROR] ConditionMgr:805 - Attr not supported : Dmpu
2025-01-17 16:11:08,553 [WARN] PackLoader:240 - Cannot read IP mode file for STMicroelectronics.X-CUBE-BLEMGR.3.0.0
2025-01-17 16:11:08,558 [ERROR] Engine:466 - C:\Users\Loc\.stm32cubemx\thirdparties\pdsc\STMicroelectronics.X-CUBE-TCPP.4.2.0.pdsc: PDSC version is not supported
2025-01-17 16:11:08,561 [WARN] PackLoader:240 - Cannot read IP mode file for RealThread.X-CUBE-RT-Thread_Nano.4.1.1
2025-01-17 16:11:08,565 [WARN] PackLoader:240 - Cannot read IP mode file for STMicroelectronics.FP-ATR-SIGFOX1.3.2.0
2025-01-17 16:11:08,568 [WARN] ConditionMgr:438 - getConditionDescription Invalid condition id : Cortex-A Device cause : null
2025-01-17 16:11:08,578 [WARN] ConditionMgr:1039 - genDependencies : Invalid condition id : Cortex-A Device cause : null
2025-01-17 16:11:08,578 [WARN] ConditionMgr:1039 - genDependencies : Invalid condition id : Cortex-A Device cause : null
2025-01-17 16:11:08,578 [WARN] ConditionMgr:1039 - genDependencies : Invalid condition id : Cortex-A Device cause : null
2025-01-17 16:11:08,582 [WARN] PackLoader:240 - Cannot read IP mode file for STMicroelectronics.X-CUBE-EEPRMA1.5.1.0
2025-01-17 16:11:08,609 [WARN] PackLoader:240 - Cannot read IP mode file for STMicroelectronics.X-CUBE-MEMS1.9.5.0
2025-01-17 16:11:08,716 [WARN] PackLoader:240 - Cannot read IP mode file for SEGGER.I-CUBE-embOS.1.3.1
2025-01-17 16:11:08,741 [WARN] PackLoader:240 - Cannot read IP mode file for STMicroelectronics.X-CUBE-ALGOBUILD.1.4.0
2025-01-17 16:11:08,744 [WARN] PackLoader:240 - Cannot read IP mode file for STMicroelectronics.X-CUBE-AI.9.1.0
2025-01-17 16:11:08,748 [WARN] PackLoader:240 - Cannot read IP mode file for STMicroelectronics.X-CUBE-GNSS1.6.0.0
2025-01-17 16:11:08,759 [WARN] PackLoader:240 - Cannot read IP mode file for STMicroelectronics.X-CUBE-AZRTOS-F4.1.1.0
2025-01-17 16:11:08,764 [WARN] PackLoader:240 - Cannot read IP mode file for STMicroelectronics.X-CUBE-ISPU.2.1.0
2025-01-17 16:11:08,767 [WARN] PackLoader:240 - Cannot read IP mode file for STMicroelectronics.X-CUBE-FREERTOS.1.2.0
2025-01-17 16:11:08,779 [WARN] PackLoader:240 - Cannot read IP mode file for STMicroelectronics.X-CUBE-AZRTOS-L5.2.0.0
2025-01-17 16:11:08,823 [WARN] PackLoader:240 - Cannot read IP mode file for STMicroelectronics.X-CUBE-MEMS1.9.6.0
2025-01-17 16:11:08,952 [WARN] PackLoader:240 - Cannot read IP mode file for STMicroelectronics.X-CUBE-EEPRMA1.4.2.0
2025-01-17 16:11:08,956 [WARN] PackLoader:240 - Cannot read IP mode file for STMicroelectronics.X-CUBE-NFC6.3.1.0
2025-01-17 16:11:08,961 [WARN] PackLoader:240 - Cannot read IP mode file for ITTIA_DB.I-CUBE-ITTIADB.8.8.0
2025-01-17 16:11:08,965 [WARN] PackLoader:240 - Cannot read IP mode file for emotas.I-CUBE-CANOPEN.1.1.3
2025-01-17 16:11:08,972 [WARN] PackLoader:240 - Cannot read IP mode file for STMicroelectronics.X-CUBE-BLEMGR.2.0.0
2025-01-17 16:11:08,979 [WARN] PackLoader:240 - Cannot read IP mode file for STMicroelectronics.X-CUBE-DPower.1.2.0
2025-01-17 16:11:08,981 [WARN] PackLoader:240 - Cannot read IP mode file for STMicroelectronics.X-CUBE-AI.9.0.0
2025-01-17 16:11:08,996 [WARN] ConditionMgr:438 - getConditionDescription Invalid condition id : UX DEVICE CLASS RTOS Condition cause : null
2025-01-17 16:11:08,997 [WARN] ConditionMgr:438 - getConditionDescription Invalid condition id : UX DEVICE CLASS RTOS Condition cause : null
2025-01-17 16:11:08,998 [WARN] PackLoader:240 - Cannot read IP mode file for STMicroelectronics.X-CUBE-AZRTOS-H7.3.1.0
2025-01-17 16:11:08,999 [WARN] ConditionMgr:1039 - genDependencies : Invalid condition id : UX DEVICE CLASS RTOS Condition cause : null
2025-01-17 16:11:08,999 [WARN] ConditionMgr:1039 - genDependencies : Invalid condition id : UX DEVICE CLASS RTOS Condition cause : null
2025-01-17 16:11:09,000 [WARN] ConditionMgr:1039 - genDependencies : Invalid condition id : UX DEVICE CLASS RTOS Condition cause : null
2025-01-17 16:11:09,000 [WARN] ConditionMgr:1039 - genDependencies : Invalid condition id : UX DEVICE CLASS RTOS Condition cause : null
2025-01-17 16:11:09,000 [WARN] ConditionMgr:1039 - genDependencies : Invalid condition id : UX DEVICE CLASS RTOS Condition cause : null
2025-01-17 16:11:09,004 [WARN] PackLoader:240 - Cannot read IP mode file for wolfSSL.I-CUBE-wolfSSL.5.5.4
2025-01-17 16:11:09,006 [WARN] PackLoader:240 - Cannot read IP mode file for STMicroelectronics.X-CUBE-FREERTOS.1.3.0
2025-01-17 16:11:09,010 [WARN] PackLoader:240 - Cannot read IP mode file for STMicroelectronics.X-CUBE-NFC7.1.0.1
2025-01-17 16:11:09,013 [WARN] PackLoader:240 - Cannot read IP mode file for STMicroelectronics.X-CUBE-NFC7.1.0.0
2025-01-17 16:11:09,016 [WARN] PackLoader:240 - Cannot read IP mode file for wolfSSL.I-CUBE-wolfTPM.3.2.0
2025-01-17 16:11:09,020 [WARN] PackLoader:240 - Cannot read IP mode file for STMicroelectronics.X-CUBE-NFC6.3.0.0
2025-01-17 16:11:09,025 [WARN] PackLoader:240 - Cannot read IP mode file for STMicroelectronics.X-CUBE-EEPRMA1.4.1.0
2025-01-17 16:11:09,029 [WARN] PackLoader:240 - Cannot read IP mode file for STMicroelectronics.X-CUBE-AI.8.1.0
2025-01-17 16:11:09,041 [WARN] ConditionMgr:438 - getConditionDescription Invalid condition id : LAN8742 Phy interface Condition cause : null
2025-01-17 16:11:09,042 [WARN] PackLoader:240 - Cannot read IP mode file for STMicroelectronics.X-CUBE-AZRTOS-L4.2.0.0
2025-01-17 16:11:09,043 [WARN] ConditionMgr:1039 - genDependencies : Invalid condition id : LAN8742 Phy interface Condition cause : null
2025-01-17 16:11:09,044 [WARN] ConditionMgr:1039 - genDependencies : Invalid condition id : LAN8742 Phy interface Condition cause : null
2025-01-17 16:11:09,044 [WARN] ConditionMgr:1039 - genDependencies : Invalid condition id : LAN8742 Phy interface Condition cause : null
2025-01-17 16:11:09,049 [WARN] PackLoader:240 - Cannot read IP mode file for STMicroelectronics.X-CUBE-SFXS2LP1.4.0.0
2025-01-17 16:11:09,061 [WARN] PackLoader:240 - Cannot read IP mode file for STMicroelectronics.X-CUBE-AZRTOS-H7.3.0.0
2025-01-17 16:11:09,065 [WARN] PackLoader:240 - Cannot read IP mode file for STMicroelectronics.X-CUBE-ISPU.1.1.0
2025-01-17 16:11:09,078 [WARN] PackLoader:240 - Cannot read IP mode file for STMicroelectronics.X-CUBE-AZRTOS-H7.3.3.0
2025-01-17 16:11:09,084 [WARN] PackLoader:240 - Cannot read IP mode file for RoweBots.I-CUBE-UNISONRTOS.5.5.0-4
2025-01-17 16:11:09,086 [WARN] PackLoader:240 - Cannot read IP mode file for STMicroelectronics.X-CUBE-AI.8.0.0
2025-01-17 16:11:09,092 [WARN] PackLoader:240 - Cannot read IP mode file for STMicroelectronics.X-CUBE-IPS.3.0.0
2025-01-17 16:11:09,104 [WARN] ConditionMgr:438 - getConditionDescription Invalid condition id : UX DEVICE CLASS RTOS Condition cause : null
2025-01-17 16:11:09,104 [WARN] ConditionMgr:438 - getConditionDescription Invalid condition id : UX DEVICE CLASS RTOS Condition cause : null
2025-01-17 16:11:09,106 [WARN] PackLoader:240 - Cannot read IP mode file for STMicroelectronics.X-CUBE-AZRTOS-WB.2.0.0
2025-01-17 16:11:09,106 [WARN] ConditionMgr:1039 - genDependencies : Invalid condition id : UX DEVICE CLASS RTOS Condition cause : null
2025-01-17 16:11:09,106 [WARN] ConditionMgr:1039 - genDependencies : Invalid condition id : UX DEVICE CLASS RTOS Condition cause : null
2025-01-17 16:11:09,106 [WARN] ConditionMgr:1039 - genDependencies : Invalid condition id : UX DEVICE CLASS RTOS Condition cause : null
2025-01-17 16:11:09,106 [WARN] ConditionMgr:1039 - genDependencies : Invalid condition id : UX DEVICE CLASS RTOS Condition cause : null
2025-01-17 16:11:09,107 [WARN] ConditionMgr:1039 - genDependencies : Invalid condition id : UX DEVICE CLASS RTOS Condition cause : null
2025-01-17 16:11:09,111 [WARN] PackLoader:240 - Cannot read IP mode file for STMicroelectronics.X-CUBE-FREERTOS.1.0.0
2025-01-17 16:11:09,115 [WARN] PackLoader:240 - Cannot read IP mode file for STMicroelectronics.X-CUBE-FREERTOS.1.0.1
2025-01-17 16:11:09,117 [WARN] PackLoader:240 - Cannot read IP mode file for STMicroelectronics.X-CUBE-GNSS1.7.0.0
2025-01-17 16:11:09,120 [WARN] PackLoader:240 - Cannot read IP mode file for STMicroelectronics.X-CUBE-GNSS1.7.0.1
2025-01-17 16:11:09,126 [WARN] PackLoader:240 - Cannot read IP mode file for STMicroelectronics.FP-SNS-STBOX1.2.0.0
2025-01-17 16:11:09,135 [WARN] PackLoader:240 - Cannot read IP mode file for STMicroelectronics.X-CUBE-AZRTOS-L5.1.1.0
2025-01-17 16:11:09,138 [WARN] PackLoader:240 - Cannot read IP mode file for STMicroelectronics.X-CUBE-AI.8.0.1
2025-01-17 16:11:09,144 [WARN] PackLoader:240 - Cannot read IP mode file for STMicroelectronics.X-CUBE-SUBG2.5.0.0
2025-01-17 16:11:09,151 [WARN] PackLoader:240 - Cannot read IP mode file for Cesanta.I-CUBE-Mongoose.7.13.0
2025-01-17 16:11:09,160 [WARN] PackLoader:240 - Cannot read IP mode file for STMicroelectronics.X-CUBE-TOF1.3.3.1
2025-01-17 16:11:09,182 [WARN] PackLoader:240 - Cannot read IP mode file for STMicroelectronics.X-CUBE-AZRTOS-G4.2.0.0
2025-01-17 16:11:09,189 [WARN] PackLoader:240 - Cannot read IP mode file for STMicroelectronics.X-CUBE-TOF1.3.3.0
2025-01-17 16:11:09,197 [WARN] PackLoader:240 - Cannot read IP mode file for STMicroelectronics.FP-ATR-ASTRA1.1.1.1
2025-01-17 16:11:09,204 [WARN] PackLoader:240 - Cannot read IP mode file for Infineon.AIROC-Wi-Fi-Bluetooth-STM32.1.5.1
2025-01-17 16:11:09,208 [WARN] PackLoader:240 - Cannot read IP mode file for STMicroelectronics.FP-SNS-MOTENVWB1.1.3.0
2025-01-17 16:11:09,211 [WARN] PackLoader:240 - Cannot read IP mode file for STMicroelectronics.FP-SNS-MOTENVWB1.1.3.1
2025-01-17 16:11:09,218 [WARN] PackLoader:240 - Cannot read IP mode file for STMicroelectronics.X-CUBE-AZRTOS-G4.1.0.0
2025-01-17 16:11:09,229 [WARN] PackLoader:240 - Cannot read IP mode file for STMicroelectronics.X-CUBE-AZRTOS-L4.1.0.0
2025-01-17 16:11:09,233 [WARN] PackLoader:240 - Cannot read IP mode file for STMicroelectronics.X-CUBE-ISPU.2.0.0
2025-01-17 16:11:09,237 [ERROR] Engine:466 - C:\Users\Loc\.stm32cubemx\thirdparties\pdsc\STMicroelectronics.X-CUBE-IPS.3.1.0.pdsc: PDSC version is not supported
2025-01-17 16:11:09,239 [WARN] PackLoader:240 - Cannot read IP mode file for STMicroelectronics.X-CUBE-ALS.1.0.2
2025-01-17 16:11:09,263 [WARN] PackLoader:240 - Cannot read IP mode file for STMicroelectronics.X-CUBE-MEMS1.10.0.0
2025-01-17 16:11:09,351 [WARN] PackLoader:240 - Cannot read IP mode file for STMicroelectronics.X-CUBE-FREERTOS.1.1.0
2025-01-17 16:11:09,354 [WARN] PackLoader:240 - Cannot read IP mode file for STMicroelectronics.X-CUBE-TOUCHGFX.4.24.0
2025-01-17 16:11:09,356 [WARN] PackLoader:240 - Cannot read IP mode file for STMicroelectronics.X-CUBE-TOUCHGFX.4.24.2
2025-01-17 16:11:09,362 [WARN] PackLoader:240 - Cannot read IP mode file for STMicroelectronics.X-CUBE-AZRTOS-WL.1.0.0
2025-01-17 16:11:09,365 [WARN] PackLoader:240 - Cannot read IP mode file for STMicroelectronics.X-CUBE-TOUCHGFX.4.24.1
2025-01-17 16:11:09,369 [WARN] PackLoader:240 - Cannot read IP mode file for portGmbH.I-Cube-SoM-uGOAL.1.1.0
2025-01-17 16:11:09,371 [WARN] PackLoader:240 - Cannot read IP mode file for STMicroelectronics.X-CUBE-ALS.1.0.1
2025-01-17 16:11:09,379 [WARN] PackLoader:240 - Cannot read IP mode file for STMicroelectronics.X-CUBE-AZRTOS-WB.1.1.0
2025-01-17 16:11:09,392 [WARN] PackLoader:240 - Cannot read IP mode file for STMicroelectronics.X-CUBE-AZRTOS-H7RS.1.0.0
2025-01-17 16:11:09,397 [WARN] PackLoader:240 - Cannot read IP mode file for STMicroelectronics.FP-ATR-ASTRA1.2.0.0
2025-01-17 16:11:09,403 [WARN] PackLoader:240 - Cannot read IP mode file for STMicroelectronics.X-CUBE-TOF1.3.4.2
2025-01-17 16:11:09,415 [WARN] PackLoader:240 - Cannot read IP mode file for STMicroelectronics.X-CUBE-TOF1.3.4.0
2025-01-17 16:11:09,427 [WARN] PackLoader:240 - Cannot read IP mode file for STMicroelectronics.X-CUBE-TOF1.3.4.1
2025-01-17 16:11:09,443 [WARN] PackLoader:240 - Cannot read IP mode file for STMicroelectronics.X-CUBE-AZRTOS-H7.3.2.0
2025-01-17 16:11:09,449 [WARN] PackLoader:240 - Cannot read IP mode file for wolfSSL.I-CUBE-wolfSSH.1.4.17
2025-01-17 16:11:09,450 [INFO] ThirdParty:978 - Integrity check success = true
2025-01-17 16:11:09,450 [INFO] IntegrityCheckThread:100 - exiting critical section [integrity check]
2025-01-17 16:11:09,450 [INFO] IntegrityCheckThread:103 - End integrity checks thread
2025-01-17 16:11:24,619 [ERROR] LogOutputStream:75 - [STDERR_REDIRECT] 
